
*** Running vivado
    with args -log ArmProcessor.vds -m64 -product Vivado -mode batch -messageDb vivado.pb -notrace -source ArmProcessor.tcl



****** Vivado v2022.1 (64-bit)
  **** SW Build 3526262 on Mon Apr 18 15:48:16 MDT 2022
  **** IP Build 3524634 on Mon Apr 18 20:55:01 MDT 2022
    ** Copyright 1986-2022 Xilinx, Inc. All Rights Reserved.

source ArmProcessor.tcl -notrace
Command: read_checkpoint -auto_incremental -incremental C:/Users/Evan/Documents/SYSC_4310_ARM_Verilog/arm-lab3.srcs/utils_1/imports/synth_1/ArmProcessor.dcp
INFO: [Vivado 12-5825] Read reference checkpoint from C:/Users/Evan/Documents/SYSC_4310_ARM_Verilog/arm-lab3.srcs/utils_1/imports/synth_1/ArmProcessor.dcp for incremental synthesis
INFO: [Vivado 12-7989] Please ensure there are no constraint changes
Command: synth_design -top ArmProcessor -part xc7k70tfbv676-1
Starting synth_design
Attempting to get a license for feature 'Synthesis' and/or device 'xc7k70t'
INFO: [Common 17-349] Got license for feature 'Synthesis' and/or device 'xc7k70t'
INFO: [Designutils 20-5440] No compile time benefit to using incremental synthesis; A full resynthesis will be run
INFO: [Designutils 20-4379] Flow is switching to default flow due to incremental criteria not met. If you would like to alter this behaviour and have the flow terminate instead, please set the following parameter config_implementation {autoIncr.Synth.RejectBehavior Terminate}
INFO: [Synth 8-7079] Multithreading enabled for synth_design using a maximum of 2 processes.
INFO: [Synth 8-7078] Launching helper process for spawning children vivado processes
INFO: [Synth 8-7075] Helper process launched with PID 21752
WARNING: [Synth 8-9719] macro 'INSTRUCTION_SIZE' redefined [C:/Users/Evan/Documents/SYSC_4310_ARM_Verilog/arm-lab3.srcs/sources_1/new/ArmProcessor.v:23]
WARNING: [Synth 8-9719] macro 'INSTRUCTION_SIZE' redefined [C:/Users/Evan/Documents/SYSC_4310_ARM_Verilog/arm-lab3.srcs/sources_1/new/IF_stage.v:22]
---------------------------------------------------------------------------------
Starting Synthesize : Time (s): cpu = 00:00:05 ; elapsed = 00:00:05 . Memory (MB): peak = 1311.195 ; gain = 0.000
---------------------------------------------------------------------------------
INFO: [Synth 8-6157] synthesizing module 'ArmProcessor' [C:/Users/Evan/Documents/SYSC_4310_ARM_Verilog/arm-lab3.srcs/sources_1/new/ArmProcessor.v:26]
INFO: [Synth 8-6157] synthesizing module 'IF_stage' [C:/Users/Evan/Documents/SYSC_4310_ARM_Verilog/arm-lab3.srcs/sources_1/new/IF_stage.v:24]
INFO: [Synth 8-6157] synthesizing module 'Pc' [C:/Users/Evan/Documents/SYSC_4310_ARM_Verilog/arm-lab3.srcs/sources_1/new/Pc.v:23]
INFO: [Synth 8-6155] done synthesizing module 'Pc' (0#1) [C:/Users/Evan/Documents/SYSC_4310_ARM_Verilog/arm-lab3.srcs/sources_1/new/Pc.v:23]
INFO: [Synth 8-6157] synthesizing module 'InstructionMemory' [C:/Users/Evan/Documents/SYSC_4310_ARM_Verilog/arm-lab3.srcs/sources_1/new/InstructionMemory.v:24]
INFO: [Synth 8-6155] done synthesizing module 'InstructionMemory' (0#1) [C:/Users/Evan/Documents/SYSC_4310_ARM_Verilog/arm-lab3.srcs/sources_1/new/InstructionMemory.v:24]
INFO: [Synth 8-6155] done synthesizing module 'IF_stage' (0#1) [C:/Users/Evan/Documents/SYSC_4310_ARM_Verilog/arm-lab3.srcs/sources_1/new/IF_stage.v:24]
INFO: [Synth 8-6155] done synthesizing module 'ArmProcessor' (0#1) [C:/Users/Evan/Documents/SYSC_4310_ARM_Verilog/arm-lab3.srcs/sources_1/new/ArmProcessor.v:26]
WARNING: [Synth 8-3848] Net addr_out in module/entity Pc does not have driver. [C:/Users/Evan/Documents/SYSC_4310_ARM_Verilog/arm-lab3.srcs/sources_1/new/Pc.v:28]
WARNING: [Synth 8-4767] Trying to implement RAM ' ' in registers. Block RAM or DRAM implementation is not possible; see log for reasons.
	1: Unable to determine number of words or word size in RAM. 
	2: No valid read/write found for RAM. 
RAM dissolved into registers
WARNING: [Synth 8-3848] Net instruction_mem in module/entity InstructionMemory does not have driver. [C:/Users/Evan/Documents/SYSC_4310_ARM_Verilog/arm-lab3.srcs/sources_1/new/InstructionMemory.v:34]
WARNING: [Synth 8-3848] Net instruction_mem in module/entity InstructionMemory does not have driver. [C:/Users/Evan/Documents/SYSC_4310_ARM_Verilog/arm-lab3.srcs/sources_1/new/InstructionMemory.v:34]
WARNING: [Synth 8-3848] Net instruction_mem in module/entity InstructionMemory does not have driver. [C:/Users/Evan/Documents/SYSC_4310_ARM_Verilog/arm-lab3.srcs/sources_1/new/InstructionMemory.v:34]
WARNING: [Synth 8-3848] Net instruction_mem in module/entity InstructionMemory does not have driver. [C:/Users/Evan/Documents/SYSC_4310_ARM_Verilog/arm-lab3.srcs/sources_1/new/InstructionMemory.v:34]
WARNING: [Synth 8-3848] Net instruction_mem in module/entity InstructionMemory does not have driver. [C:/Users/Evan/Documents/SYSC_4310_ARM_Verilog/arm-lab3.srcs/sources_1/new/InstructionMemory.v:34]
WARNING: [Synth 8-3848] Net instruction_mem in module/entity InstructionMemory does not have driver. [C:/Users/Evan/Documents/SYSC_4310_ARM_Verilog/arm-lab3.srcs/sources_1/new/InstructionMemory.v:34]
WARNING: [Synth 8-3848] Net instruction_mem in module/entity InstructionMemory does not have driver. [C:/Users/Evan/Documents/SYSC_4310_ARM_Verilog/arm-lab3.srcs/sources_1/new/InstructionMemory.v:34]
WARNING: [Synth 8-3848] Net instruction_mem in module/entity InstructionMemory does not have driver. [C:/Users/Evan/Documents/SYSC_4310_ARM_Verilog/arm-lab3.srcs/sources_1/new/InstructionMemory.v:34]
WARNING: [Synth 8-3848] Net instruction_mem in module/entity InstructionMemory does not have driver. [C:/Users/Evan/Documents/SYSC_4310_ARM_Verilog/arm-lab3.srcs/sources_1/new/InstructionMemory.v:34]
WARNING: [Synth 8-3848] Net instruction_mem in module/entity InstructionMemory does not have driver. [C:/Users/Evan/Documents/SYSC_4310_ARM_Verilog/arm-lab3.srcs/sources_1/new/InstructionMemory.v:34]
WARNING: [Synth 8-3848] Net instruction_mem in module/entity InstructionMemory does not have driver. [C:/Users/Evan/Documents/SYSC_4310_ARM_Verilog/arm-lab3.srcs/sources_1/new/InstructionMemory.v:34]
WARNING: [Synth 8-3848] Net instruction_mem in module/entity InstructionMemory does not have driver. [C:/Users/Evan/Documents/SYSC_4310_ARM_Verilog/arm-lab3.srcs/sources_1/new/InstructionMemory.v:34]
WARNING: [Synth 8-3848] Net instruction_mem in module/entity InstructionMemory does not have driver. [C:/Users/Evan/Documents/SYSC_4310_ARM_Verilog/arm-lab3.srcs/sources_1/new/InstructionMemory.v:34]
WARNING: [Synth 8-3848] Net instruction_mem in module/entity InstructionMemory does not have driver. [C:/Users/Evan/Documents/SYSC_4310_ARM_Verilog/arm-lab3.srcs/sources_1/new/InstructionMemory.v:34]
WARNING: [Synth 8-3848] Net instruction_mem in module/entity InstructionMemory does not have driver. [C:/Users/Evan/Documents/SYSC_4310_ARM_Verilog/arm-lab3.srcs/sources_1/new/InstructionMemory.v:34]
WARNING: [Synth 8-3848] Net instruction_mem in module/entity InstructionMemory does not have driver. [C:/Users/Evan/Documents/SYSC_4310_ARM_Verilog/arm-lab3.srcs/sources_1/new/InstructionMemory.v:34]
WARNING: [Synth 8-3848] Net instruction_mem in module/entity InstructionMemory does not have driver. [C:/Users/Evan/Documents/SYSC_4310_ARM_Verilog/arm-lab3.srcs/sources_1/new/InstructionMemory.v:34]
WARNING: [Synth 8-3848] Net instruction_mem in module/entity InstructionMemory does not have driver. [C:/Users/Evan/Documents/SYSC_4310_ARM_Verilog/arm-lab3.srcs/sources_1/new/InstructionMemory.v:34]
WARNING: [Synth 8-3848] Net instruction_mem in module/entity InstructionMemory does not have driver. [C:/Users/Evan/Documents/SYSC_4310_ARM_Verilog/arm-lab3.srcs/sources_1/new/InstructionMemory.v:34]
WARNING: [Synth 8-3848] Net instruction_mem in module/entity InstructionMemory does not have driver. [C:/Users/Evan/Documents/SYSC_4310_ARM_Verilog/arm-lab3.srcs/sources_1/new/InstructionMemory.v:34]
WARNING: [Synth 8-3848] Net instruction_mem in module/entity InstructionMemory does not have driver. [C:/Users/Evan/Documents/SYSC_4310_ARM_Verilog/arm-lab3.srcs/sources_1/new/InstructionMemory.v:34]
WARNING: [Synth 8-3848] Net instruction_mem in module/entity InstructionMemory does not have driver. [C:/Users/Evan/Documents/SYSC_4310_ARM_Verilog/arm-lab3.srcs/sources_1/new/InstructionMemory.v:34]
WARNING: [Synth 8-3848] Net instruction_mem in module/entity InstructionMemory does not have driver. [C:/Users/Evan/Documents/SYSC_4310_ARM_Verilog/arm-lab3.srcs/sources_1/new/InstructionMemory.v:34]
WARNING: [Synth 8-3848] Net instruction_mem in module/entity InstructionMemory does not have driver. [C:/Users/Evan/Documents/SYSC_4310_ARM_Verilog/arm-lab3.srcs/sources_1/new/InstructionMemory.v:34]
WARNING: [Synth 8-3848] Net instruction_mem in module/entity InstructionMemory does not have driver. [C:/Users/Evan/Documents/SYSC_4310_ARM_Verilog/arm-lab3.srcs/sources_1/new/InstructionMemory.v:34]
WARNING: [Synth 8-3848] Net instruction_mem in module/entity InstructionMemory does not have driver. [C:/Users/Evan/Documents/SYSC_4310_ARM_Verilog/arm-lab3.srcs/sources_1/new/InstructionMemory.v:34]
WARNING: [Synth 8-3848] Net instruction_mem in module/entity InstructionMemory does not have driver. [C:/Users/Evan/Documents/SYSC_4310_ARM_Verilog/arm-lab3.srcs/sources_1/new/InstructionMemory.v:34]
WARNING: [Synth 8-3848] Net instruction_mem in module/entity InstructionMemory does not have driver. [C:/Users/Evan/Documents/SYSC_4310_ARM_Verilog/arm-lab3.srcs/sources_1/new/InstructionMemory.v:34]
WARNING: [Synth 8-3848] Net instruction_mem in module/entity InstructionMemory does not have driver. [C:/Users/Evan/Documents/SYSC_4310_ARM_Verilog/arm-lab3.srcs/sources_1/new/InstructionMemory.v:34]
WARNING: [Synth 8-3848] Net instruction_mem in module/entity InstructionMemory does not have driver. [C:/Users/Evan/Documents/SYSC_4310_ARM_Verilog/arm-lab3.srcs/sources_1/new/InstructionMemory.v:34]
WARNING: [Synth 8-3848] Net instruction_mem in module/entity InstructionMemory does not have driver. [C:/Users/Evan/Documents/SYSC_4310_ARM_Verilog/arm-lab3.srcs/sources_1/new/InstructionMemory.v:34]
WARNING: [Synth 8-3848] Net instruction_mem in module/entity InstructionMemory does not have driver. [C:/Users/Evan/Documents/SYSC_4310_ARM_Verilog/arm-lab3.srcs/sources_1/new/InstructionMemory.v:34]
WARNING: [Synth 8-3848] Net instruction_mem in module/entity InstructionMemory does not have driver. [C:/Users/Evan/Documents/SYSC_4310_ARM_Verilog/arm-lab3.srcs/sources_1/new/InstructionMemory.v:34]
WARNING: [Synth 8-3848] Net instruction_mem in module/entity InstructionMemory does not have driver. [C:/Users/Evan/Documents/SYSC_4310_ARM_Verilog/arm-lab3.srcs/sources_1/new/InstructionMemory.v:34]
WARNING: [Synth 8-3848] Net instruction_mem in module/entity InstructionMemory does not have driver. [C:/Users/Evan/Documents/SYSC_4310_ARM_Verilog/arm-lab3.srcs/sources_1/new/InstructionMemory.v:34]
WARNING: [Synth 8-3848] Net instruction_mem in module/entity InstructionMemory does not have driver. [C:/Users/Evan/Documents/SYSC_4310_ARM_Verilog/arm-lab3.srcs/sources_1/new/InstructionMemory.v:34]
WARNING: [Synth 8-3848] Net instruction_mem in module/entity InstructionMemory does not have driver. [C:/Users/Evan/Documents/SYSC_4310_ARM_Verilog/arm-lab3.srcs/sources_1/new/InstructionMemory.v:34]
WARNING: [Synth 8-3848] Net instruction_mem in module/entity InstructionMemory does not have driver. [C:/Users/Evan/Documents/SYSC_4310_ARM_Verilog/arm-lab3.srcs/sources_1/new/InstructionMemory.v:34]
WARNING: [Synth 8-3848] Net instruction_mem in module/entity InstructionMemory does not have driver. [C:/Users/Evan/Documents/SYSC_4310_ARM_Verilog/arm-lab3.srcs/sources_1/new/InstructionMemory.v:34]
WARNING: [Synth 8-3848] Net instruction_mem in module/entity InstructionMemory does not have driver. [C:/Users/Evan/Documents/SYSC_4310_ARM_Verilog/arm-lab3.srcs/sources_1/new/InstructionMemory.v:34]
WARNING: [Synth 8-3848] Net instruction_mem in module/entity InstructionMemory does not have driver. [C:/Users/Evan/Documents/SYSC_4310_ARM_Verilog/arm-lab3.srcs/sources_1/new/InstructionMemory.v:34]
WARNING: [Synth 8-3848] Net instruction_mem in module/entity InstructionMemory does not have driver. [C:/Users/Evan/Documents/SYSC_4310_ARM_Verilog/arm-lab3.srcs/sources_1/new/InstructionMemory.v:34]
WARNING: [Synth 8-3848] Net instruction_mem in module/entity InstructionMemory does not have driver. [C:/Users/Evan/Documents/SYSC_4310_ARM_Verilog/arm-lab3.srcs/sources_1/new/InstructionMemory.v:34]
WARNING: [Synth 8-3848] Net instruction_mem in module/entity InstructionMemory does not have driver. [C:/Users/Evan/Documents/SYSC_4310_ARM_Verilog/arm-lab3.srcs/sources_1/new/InstructionMemory.v:34]
WARNING: [Synth 8-3848] Net instruction_mem in module/entity InstructionMemory does not have driver. [C:/Users/Evan/Documents/SYSC_4310_ARM_Verilog/arm-lab3.srcs/sources_1/new/InstructionMemory.v:34]
WARNING: [Synth 8-3848] Net instruction_mem in module/entity InstructionMemory does not have driver. [C:/Users/Evan/Documents/SYSC_4310_ARM_Verilog/arm-lab3.srcs/sources_1/new/InstructionMemory.v:34]
WARNING: [Synth 8-3848] Net instruction_mem in module/entity InstructionMemory does not have driver. [C:/Users/Evan/Documents/SYSC_4310_ARM_Verilog/arm-lab3.srcs/sources_1/new/InstructionMemory.v:34]
WARNING: [Synth 8-3848] Net instruction_mem in module/entity InstructionMemory does not have driver. [C:/Users/Evan/Documents/SYSC_4310_ARM_Verilog/arm-lab3.srcs/sources_1/new/InstructionMemory.v:34]
WARNING: [Synth 8-3848] Net instruction_mem in module/entity InstructionMemory does not have driver. [C:/Users/Evan/Documents/SYSC_4310_ARM_Verilog/arm-lab3.srcs/sources_1/new/InstructionMemory.v:34]
WARNING: [Synth 8-3848] Net instruction_mem in module/entity InstructionMemory does not have driver. [C:/Users/Evan/Documents/SYSC_4310_ARM_Verilog/arm-lab3.srcs/sources_1/new/InstructionMemory.v:34]
WARNING: [Synth 8-3848] Net instruction_mem in module/entity InstructionMemory does not have driver. [C:/Users/Evan/Documents/SYSC_4310_ARM_Verilog/arm-lab3.srcs/sources_1/new/InstructionMemory.v:34]
WARNING: [Synth 8-3848] Net instruction_mem in module/entity InstructionMemory does not have driver. [C:/Users/Evan/Documents/SYSC_4310_ARM_Verilog/arm-lab3.srcs/sources_1/new/InstructionMemory.v:34]
WARNING: [Synth 8-3848] Net instruction_mem in module/entity InstructionMemory does not have driver. [C:/Users/Evan/Documents/SYSC_4310_ARM_Verilog/arm-lab3.srcs/sources_1/new/InstructionMemory.v:34]
WARNING: [Synth 8-3848] Net instruction_mem in module/entity InstructionMemory does not have driver. [C:/Users/Evan/Documents/SYSC_4310_ARM_Verilog/arm-lab3.srcs/sources_1/new/InstructionMemory.v:34]
WARNING: [Synth 8-3848] Net instruction_mem in module/entity InstructionMemory does not have driver. [C:/Users/Evan/Documents/SYSC_4310_ARM_Verilog/arm-lab3.srcs/sources_1/new/InstructionMemory.v:34]
WARNING: [Synth 8-3848] Net instruction_mem in module/entity InstructionMemory does not have driver. [C:/Users/Evan/Documents/SYSC_4310_ARM_Verilog/arm-lab3.srcs/sources_1/new/InstructionMemory.v:34]
WARNING: [Synth 8-3848] Net instruction_mem in module/entity InstructionMemory does not have driver. [C:/Users/Evan/Documents/SYSC_4310_ARM_Verilog/arm-lab3.srcs/sources_1/new/InstructionMemory.v:34]
WARNING: [Synth 8-3848] Net instruction_mem in module/entity InstructionMemory does not have driver. [C:/Users/Evan/Documents/SYSC_4310_ARM_Verilog/arm-lab3.srcs/sources_1/new/InstructionMemory.v:34]
WARNING: [Synth 8-3848] Net instruction_mem in module/entity InstructionMemory does not have driver. [C:/Users/Evan/Documents/SYSC_4310_ARM_Verilog/arm-lab3.srcs/sources_1/new/InstructionMemory.v:34]
WARNING: [Synth 8-3848] Net instruction_mem in module/entity InstructionMemory does not have driver. [C:/Users/Evan/Documents/SYSC_4310_ARM_Verilog/arm-lab3.srcs/sources_1/new/InstructionMemory.v:34]
WARNING: [Synth 8-3848] Net instruction_mem in module/entity InstructionMemory does not have driver. [C:/Users/Evan/Documents/SYSC_4310_ARM_Verilog/arm-lab3.srcs/sources_1/new/InstructionMemory.v:34]
WARNING: [Synth 8-3848] Net instruction_mem in module/entity InstructionMemory does not have driver. [C:/Users/Evan/Documents/SYSC_4310_ARM_Verilog/arm-lab3.srcs/sources_1/new/InstructionMemory.v:34]
WARNING: [Synth 8-3848] Net instruction_mem in module/entity InstructionMemory does not have driver. [C:/Users/Evan/Documents/SYSC_4310_ARM_Verilog/arm-lab3.srcs/sources_1/new/InstructionMemory.v:34]
WARNING: [Synth 8-3848] Net instruction_mem in module/entity InstructionMemory does not have driver. [C:/Users/Evan/Documents/SYSC_4310_ARM_Verilog/arm-lab3.srcs/sources_1/new/InstructionMemory.v:34]
WARNING: [Synth 8-3848] Net instruction_mem in module/entity InstructionMemory does not have driver. [C:/Users/Evan/Documents/SYSC_4310_ARM_Verilog/arm-lab3.srcs/sources_1/new/InstructionMemory.v:34]
WARNING: [Synth 8-3848] Net instruction_mem in module/entity InstructionMemory does not have driver. [C:/Users/Evan/Documents/SYSC_4310_ARM_Verilog/arm-lab3.srcs/sources_1/new/InstructionMemory.v:34]
WARNING: [Synth 8-3848] Net instruction_mem in module/entity InstructionMemory does not have driver. [C:/Users/Evan/Documents/SYSC_4310_ARM_Verilog/arm-lab3.srcs/sources_1/new/InstructionMemory.v:34]
WARNING: [Synth 8-3848] Net instruction_mem in module/entity InstructionMemory does not have driver. [C:/Users/Evan/Documents/SYSC_4310_ARM_Verilog/arm-lab3.srcs/sources_1/new/InstructionMemory.v:34]
WARNING: [Synth 8-3848] Net instruction_mem in module/entity InstructionMemory does not have driver. [C:/Users/Evan/Documents/SYSC_4310_ARM_Verilog/arm-lab3.srcs/sources_1/new/InstructionMemory.v:34]
WARNING: [Synth 8-3848] Net instruction_mem in module/entity InstructionMemory does not have driver. [C:/Users/Evan/Documents/SYSC_4310_ARM_Verilog/arm-lab3.srcs/sources_1/new/InstructionMemory.v:34]
WARNING: [Synth 8-3848] Net instruction_mem in module/entity InstructionMemory does not have driver. [C:/Users/Evan/Documents/SYSC_4310_ARM_Verilog/arm-lab3.srcs/sources_1/new/InstructionMemory.v:34]
WARNING: [Synth 8-3848] Net instruction_mem in module/entity InstructionMemory does not have driver. [C:/Users/Evan/Documents/SYSC_4310_ARM_Verilog/arm-lab3.srcs/sources_1/new/InstructionMemory.v:34]
WARNING: [Synth 8-3848] Net instruction_mem in module/entity InstructionMemory does not have driver. [C:/Users/Evan/Documents/SYSC_4310_ARM_Verilog/arm-lab3.srcs/sources_1/new/InstructionMemory.v:34]
WARNING: [Synth 8-3848] Net instruction_mem in module/entity InstructionMemory does not have driver. [C:/Users/Evan/Documents/SYSC_4310_ARM_Verilog/arm-lab3.srcs/sources_1/new/InstructionMemory.v:34]
WARNING: [Synth 8-3848] Net instruction_mem in module/entity InstructionMemory does not have driver. [C:/Users/Evan/Documents/SYSC_4310_ARM_Verilog/arm-lab3.srcs/sources_1/new/InstructionMemory.v:34]
WARNING: [Synth 8-3848] Net instruction_mem in module/entity InstructionMemory does not have driver. [C:/Users/Evan/Documents/SYSC_4310_ARM_Verilog/arm-lab3.srcs/sources_1/new/InstructionMemory.v:34]
WARNING: [Synth 8-3848] Net instruction_mem in module/entity InstructionMemory does not have driver. [C:/Users/Evan/Documents/SYSC_4310_ARM_Verilog/arm-lab3.srcs/sources_1/new/InstructionMemory.v:34]
WARNING: [Synth 8-3848] Net instruction_mem in module/entity InstructionMemory does not have driver. [C:/Users/Evan/Documents/SYSC_4310_ARM_Verilog/arm-lab3.srcs/sources_1/new/InstructionMemory.v:34]
WARNING: [Synth 8-3848] Net instruction_mem in module/entity InstructionMemory does not have driver. [C:/Users/Evan/Documents/SYSC_4310_ARM_Verilog/arm-lab3.srcs/sources_1/new/InstructionMemory.v:34]
WARNING: [Synth 8-3848] Net instruction_mem in module/entity InstructionMemory does not have driver. [C:/Users/Evan/Documents/SYSC_4310_ARM_Verilog/arm-lab3.srcs/sources_1/new/InstructionMemory.v:34]
WARNING: [Synth 8-3848] Net instruction_mem in module/entity InstructionMemory does not have driver. [C:/Users/Evan/Documents/SYSC_4310_ARM_Verilog/arm-lab3.srcs/sources_1/new/InstructionMemory.v:34]
WARNING: [Synth 8-3848] Net instruction_mem in module/entity InstructionMemory does not have driver. [C:/Users/Evan/Documents/SYSC_4310_ARM_Verilog/arm-lab3.srcs/sources_1/new/InstructionMemory.v:34]
WARNING: [Synth 8-3848] Net instruction_mem in module/entity InstructionMemory does not have driver. [C:/Users/Evan/Documents/SYSC_4310_ARM_Verilog/arm-lab3.srcs/sources_1/new/InstructionMemory.v:34]
WARNING: [Synth 8-3848] Net instruction_mem in module/entity InstructionMemory does not have driver. [C:/Users/Evan/Documents/SYSC_4310_ARM_Verilog/arm-lab3.srcs/sources_1/new/InstructionMemory.v:34]
WARNING: [Synth 8-3848] Net instruction_mem in module/entity InstructionMemory does not have driver. [C:/Users/Evan/Documents/SYSC_4310_ARM_Verilog/arm-lab3.srcs/sources_1/new/InstructionMemory.v:34]
WARNING: [Synth 8-3848] Net instruction_mem in module/entity InstructionMemory does not have driver. [C:/Users/Evan/Documents/SYSC_4310_ARM_Verilog/arm-lab3.srcs/sources_1/new/InstructionMemory.v:34]
WARNING: [Synth 8-3848] Net instruction_mem in module/entity InstructionMemory does not have driver. [C:/Users/Evan/Documents/SYSC_4310_ARM_Verilog/arm-lab3.srcs/sources_1/new/InstructionMemory.v:34]
WARNING: [Synth 8-3848] Net instruction_mem in module/entity InstructionMemory does not have driver. [C:/Users/Evan/Documents/SYSC_4310_ARM_Verilog/arm-lab3.srcs/sources_1/new/InstructionMemory.v:34]
WARNING: [Synth 8-3848] Net instruction_mem in module/entity InstructionMemory does not have driver. [C:/Users/Evan/Documents/SYSC_4310_ARM_Verilog/arm-lab3.srcs/sources_1/new/InstructionMemory.v:34]
WARNING: [Synth 8-3848] Net instruction_mem in module/entity InstructionMemory does not have driver. [C:/Users/Evan/Documents/SYSC_4310_ARM_Verilog/arm-lab3.srcs/sources_1/new/InstructionMemory.v:34]
WARNING: [Synth 8-3848] Net instruction_mem in module/entity InstructionMemory does not have driver. [C:/Users/Evan/Documents/SYSC_4310_ARM_Verilog/arm-lab3.srcs/sources_1/new/InstructionMemory.v:34]
WARNING: [Synth 8-3848] Net instruction_mem in module/entity InstructionMemory does not have driver. [C:/Users/Evan/Documents/SYSC_4310_ARM_Verilog/arm-lab3.srcs/sources_1/new/InstructionMemory.v:34]
WARNING: [Synth 8-3848] Net instruction_mem in module/entity InstructionMemory does not have driver. [C:/Users/Evan/Documents/SYSC_4310_ARM_Verilog/arm-lab3.srcs/sources_1/new/InstructionMemory.v:34]
WARNING: [Synth 8-3848] Net instruction_mem in module/entity InstructionMemory does not have driver. [C:/Users/Evan/Documents/SYSC_4310_ARM_Verilog/arm-lab3.srcs/sources_1/new/InstructionMemory.v:34]
WARNING: [Synth 8-3848] Net instruction_mem in module/entity InstructionMemory does not have driver. [C:/Users/Evan/Documents/SYSC_4310_ARM_Verilog/arm-lab3.srcs/sources_1/new/InstructionMemory.v:34]
WARNING: [Synth 8-3848] Net instruction_mem in module/entity InstructionMemory does not have driver. [C:/Users/Evan/Documents/SYSC_4310_ARM_Verilog/arm-lab3.srcs/sources_1/new/InstructionMemory.v:34]
WARNING: [Synth 8-3848] Net instruction_mem in module/entity InstructionMemory does not have driver. [C:/Users/Evan/Documents/SYSC_4310_ARM_Verilog/arm-lab3.srcs/sources_1/new/InstructionMemory.v:34]
WARNING: [Synth 8-3848] Net instruction_mem in module/entity InstructionMemory does not have driver. [C:/Users/Evan/Documents/SYSC_4310_ARM_Verilog/arm-lab3.srcs/sources_1/new/InstructionMemory.v:34]
WARNING: [Synth 8-3848] Net instruction_mem in module/entity InstructionMemory does not have driver. [C:/Users/Evan/Documents/SYSC_4310_ARM_Verilog/arm-lab3.srcs/sources_1/new/InstructionMemory.v:34]
INFO: [Common 17-14] Message 'Synth 8-3848' appears 100 times and further instances of the messages will be disabled. Use the Tcl command set_msg_config to change the current settings.
WARNING: [Synth 8-7129] Port addr_in[31] in module InstructionMemory is either unconnected or has no load
WARNING: [Synth 8-7129] Port addr_in[30] in module InstructionMemory is either unconnected or has no load
WARNING: [Synth 8-7129] Port addr_in[29] in module InstructionMemory is either unconnected or has no load
WARNING: [Synth 8-7129] Port addr_in[28] in module InstructionMemory is either unconnected or has no load
WARNING: [Synth 8-7129] Port addr_in[27] in module InstructionMemory is either unconnected or has no load
WARNING: [Synth 8-7129] Port addr_in[26] in module InstructionMemory is either unconnected or has no load
WARNING: [Synth 8-7129] Port addr_in[25] in module InstructionMemory is either unconnected or has no load
WARNING: [Synth 8-7129] Port addr_in[24] in module InstructionMemory is either unconnected or has no load
WARNING: [Synth 8-7129] Port addr_in[23] in module InstructionMemory is either unconnected or has no load
WARNING: [Synth 8-7129] Port addr_in[22] in module InstructionMemory is either unconnected or has no load
WARNING: [Synth 8-7129] Port addr_in[21] in module InstructionMemory is either unconnected or has no load
WARNING: [Synth 8-7129] Port addr_in[20] in module InstructionMemory is either unconnected or has no load
WARNING: [Synth 8-7129] Port addr_in[19] in module InstructionMemory is either unconnected or has no load
WARNING: [Synth 8-7129] Port addr_in[18] in module InstructionMemory is either unconnected or has no load
WARNING: [Synth 8-7129] Port addr_in[17] in module InstructionMemory is either unconnected or has no load
WARNING: [Synth 8-7129] Port addr_in[16] in module InstructionMemory is either unconnected or has no load
WARNING: [Synth 8-7129] Port addr_in[15] in module InstructionMemory is either unconnected or has no load
WARNING: [Synth 8-7129] Port addr_in[14] in module InstructionMemory is either unconnected or has no load
WARNING: [Synth 8-7129] Port addr_in[13] in module InstructionMemory is either unconnected or has no load
WARNING: [Synth 8-7129] Port addr_in[12] in module InstructionMemory is either unconnected or has no load
WARNING: [Synth 8-7129] Port addr_in[11] in module InstructionMemory is either unconnected or has no load
WARNING: [Synth 8-7129] Port addr_in[10] in module InstructionMemory is either unconnected or has no load
WARNING: [Synth 8-7129] Port addr_in[9] in module InstructionMemory is either unconnected or has no load
WARNING: [Synth 8-7129] Port addr_in[8] in module InstructionMemory is either unconnected or has no load
WARNING: [Synth 8-7129] Port addr_out[31] in module Pc is either unconnected or has no load
WARNING: [Synth 8-7129] Port addr_out[30] in module Pc is either unconnected or has no load
WARNING: [Synth 8-7129] Port addr_out[29] in module Pc is either unconnected or has no load
WARNING: [Synth 8-7129] Port addr_out[28] in module Pc is either unconnected or has no load
WARNING: [Synth 8-7129] Port addr_out[27] in module Pc is either unconnected or has no load
WARNING: [Synth 8-7129] Port addr_out[26] in module Pc is either unconnected or has no load
WARNING: [Synth 8-7129] Port addr_out[25] in module Pc is either unconnected or has no load
WARNING: [Synth 8-7129] Port addr_out[24] in module Pc is either unconnected or has no load
WARNING: [Synth 8-7129] Port addr_out[23] in module Pc is either unconnected or has no load
WARNING: [Synth 8-7129] Port addr_out[22] in module Pc is either unconnected or has no load
WARNING: [Synth 8-7129] Port addr_out[21] in module Pc is either unconnected or has no load
WARNING: [Synth 8-7129] Port addr_out[20] in module Pc is either unconnected or has no load
WARNING: [Synth 8-7129] Port addr_out[19] in module Pc is either unconnected or has no load
WARNING: [Synth 8-7129] Port addr_out[18] in module Pc is either unconnected or has no load
WARNING: [Synth 8-7129] Port addr_out[17] in module Pc is either unconnected or has no load
WARNING: [Synth 8-7129] Port addr_out[16] in module Pc is either unconnected or has no load
WARNING: [Synth 8-7129] Port addr_out[15] in module Pc is either unconnected or has no load
WARNING: [Synth 8-7129] Port addr_out[14] in module Pc is either unconnected or has no load
WARNING: [Synth 8-7129] Port addr_out[13] in module Pc is either unconnected or has no load
WARNING: [Synth 8-7129] Port addr_out[12] in module Pc is either unconnected or has no load
WARNING: [Synth 8-7129] Port addr_out[11] in module Pc is either unconnected or has no load
WARNING: [Synth 8-7129] Port addr_out[10] in module Pc is either unconnected or has no load
WARNING: [Synth 8-7129] Port addr_out[9] in module Pc is either unconnected or has no load
WARNING: [Synth 8-7129] Port addr_out[8] in module Pc is either unconnected or has no load
WARNING: [Synth 8-7129] Port addr_out[7] in module Pc is either unconnected or has no load
WARNING: [Synth 8-7129] Port addr_out[6] in module Pc is either unconnected or has no load
WARNING: [Synth 8-7129] Port addr_out[5] in module Pc is either unconnected or has no load
WARNING: [Synth 8-7129] Port addr_out[4] in module Pc is either unconnected or has no load
WARNING: [Synth 8-7129] Port addr_out[3] in module Pc is either unconnected or has no load
WARNING: [Synth 8-7129] Port addr_out[2] in module Pc is either unconnected or has no load
WARNING: [Synth 8-7129] Port addr_out[1] in module Pc is either unconnected or has no load
WARNING: [Synth 8-7129] Port addr_out[0] in module Pc is either unconnected or has no load
WARNING: [Synth 8-7129] Port clk in module Pc is either unconnected or has no load
WARNING: [Synth 8-7129] Port rst in module Pc is either unconnected or has no load
WARNING: [Synth 8-7129] Port pc_write in module Pc is either unconnected or has no load
WARNING: [Synth 8-7129] Port addr_in[31] in module Pc is either unconnected or has no load
WARNING: [Synth 8-7129] Port addr_in[30] in module Pc is either unconnected or has no load
WARNING: [Synth 8-7129] Port addr_in[29] in module Pc is either unconnected or has no load
WARNING: [Synth 8-7129] Port addr_in[28] in module Pc is either unconnected or has no load
WARNING: [Synth 8-7129] Port addr_in[27] in module Pc is either unconnected or has no load
WARNING: [Synth 8-7129] Port addr_in[26] in module Pc is either unconnected or has no load
WARNING: [Synth 8-7129] Port addr_in[25] in module Pc is either unconnected or has no load
WARNING: [Synth 8-7129] Port addr_in[24] in module Pc is either unconnected or has no load
WARNING: [Synth 8-7129] Port addr_in[23] in module Pc is either unconnected or has no load
WARNING: [Synth 8-7129] Port addr_in[22] in module Pc is either unconnected or has no load
WARNING: [Synth 8-7129] Port addr_in[21] in module Pc is either unconnected or has no load
WARNING: [Synth 8-7129] Port addr_in[20] in module Pc is either unconnected or has no load
WARNING: [Synth 8-7129] Port addr_in[19] in module Pc is either unconnected or has no load
WARNING: [Synth 8-7129] Port addr_in[18] in module Pc is either unconnected or has no load
WARNING: [Synth 8-7129] Port addr_in[17] in module Pc is either unconnected or has no load
WARNING: [Synth 8-7129] Port addr_in[16] in module Pc is either unconnected or has no load
WARNING: [Synth 8-7129] Port addr_in[15] in module Pc is either unconnected or has no load
WARNING: [Synth 8-7129] Port addr_in[14] in module Pc is either unconnected or has no load
WARNING: [Synth 8-7129] Port addr_in[13] in module Pc is either unconnected or has no load
WARNING: [Synth 8-7129] Port addr_in[12] in module Pc is either unconnected or has no load
WARNING: [Synth 8-7129] Port addr_in[11] in module Pc is either unconnected or has no load
WARNING: [Synth 8-7129] Port addr_in[10] in module Pc is either unconnected or has no load
WARNING: [Synth 8-7129] Port addr_in[9] in module Pc is either unconnected or has no load
WARNING: [Synth 8-7129] Port addr_in[8] in module Pc is either unconnected or has no load
WARNING: [Synth 8-7129] Port addr_in[7] in module Pc is either unconnected or has no load
WARNING: [Synth 8-7129] Port addr_in[6] in module Pc is either unconnected or has no load
WARNING: [Synth 8-7129] Port addr_in[5] in module Pc is either unconnected or has no load
WARNING: [Synth 8-7129] Port addr_in[4] in module Pc is either unconnected or has no load
WARNING: [Synth 8-7129] Port addr_in[3] in module Pc is either unconnected or has no load
WARNING: [Synth 8-7129] Port addr_in[2] in module Pc is either unconnected or has no load
WARNING: [Synth 8-7129] Port addr_in[1] in module Pc is either unconnected or has no load
WARNING: [Synth 8-7129] Port addr_in[0] in module Pc is either unconnected or has no load
WARNING: [Synth 8-7129] Port pc_out[31] in module IF_stage is either unconnected or has no load
WARNING: [Synth 8-7129] Port pc_out[30] in module IF_stage is either unconnected or has no load
WARNING: [Synth 8-7129] Port pc_out[29] in module IF_stage is either unconnected or has no load
WARNING: [Synth 8-7129] Port pc_out[28] in module IF_stage is either unconnected or has no load
WARNING: [Synth 8-7129] Port pc_out[27] in module IF_stage is either unconnected or has no load
WARNING: [Synth 8-7129] Port pc_out[26] in module IF_stage is either unconnected or has no load
WARNING: [Synth 8-7129] Port pc_out[25] in module IF_stage is either unconnected or has no load
WARNING: [Synth 8-7129] Port pc_out[24] in module IF_stage is either unconnected or has no load
WARNING: [Synth 8-7129] Port pc_out[23] in module IF_stage is either unconnected or has no load
INFO: [Common 17-14] Message 'Synth 8-7129' appears 100 times and further instances of the messages will be disabled. Use the Tcl command set_msg_config to change the current settings.
---------------------------------------------------------------------------------
Finished Synthesize : Time (s): cpu = 00:00:06 ; elapsed = 00:00:07 . Memory (MB): peak = 1311.195 ; gain = 0.000
---------------------------------------------------------------------------------
---------------------------------------------------------------------------------
Finished Constraint Validation : Time (s): cpu = 00:00:07 ; elapsed = 00:00:07 . Memory (MB): peak = 1311.195 ; gain = 0.000
---------------------------------------------------------------------------------
---------------------------------------------------------------------------------
Start Loading Part and Timing Information
---------------------------------------------------------------------------------
Loading part: xc7k70tfbv676-1
---------------------------------------------------------------------------------
Finished Loading Part and Timing Information : Time (s): cpu = 00:00:07 ; elapsed = 00:00:07 . Memory (MB): peak = 1311.195 ; gain = 0.000
---------------------------------------------------------------------------------
INFO: [Device 21-403] Loading part xc7k70tfbv676-1
---------------------------------------------------------------------------------
Finished RTL Optimization Phase 2 : Time (s): cpu = 00:00:07 ; elapsed = 00:00:07 . Memory (MB): peak = 1311.195 ; gain = 0.000
---------------------------------------------------------------------------------
No constraint files found.
---------------------------------------------------------------------------------
Start RTL Component Statistics 
---------------------------------------------------------------------------------
Detailed RTL Component Info : 
+---Registers : 
	               32 Bit    Registers := 1     
---------------------------------------------------------------------------------
Finished RTL Component Statistics 
---------------------------------------------------------------------------------
---------------------------------------------------------------------------------
Start Part Resource Summary
---------------------------------------------------------------------------------
Part Resources:
DSPs: 240 (col length:80)
BRAMs: 270 (col length: RAMB18 80 RAMB36 40)
---------------------------------------------------------------------------------
Finished Part Resource Summary
---------------------------------------------------------------------------------
No constraint files found.
---------------------------------------------------------------------------------
Start Cross Boundary and Area Optimization
---------------------------------------------------------------------------------
WARNING: [Synth 8-7080] Parallel synthesis criteria is not met
---------------------------------------------------------------------------------
Finished Cross Boundary and Area Optimization : Time (s): cpu = 00:00:12 ; elapsed = 00:00:13 . Memory (MB): peak = 1311.195 ; gain = 0.000
---------------------------------------------------------------------------------
No constraint files found.
---------------------------------------------------------------------------------
Start Timing Optimization
---------------------------------------------------------------------------------
---------------------------------------------------------------------------------
Finished Timing Optimization : Time (s): cpu = 00:00:12 ; elapsed = 00:00:13 . Memory (MB): peak = 1311.195 ; gain = 0.000
---------------------------------------------------------------------------------
---------------------------------------------------------------------------------
Start Technology Mapping
---------------------------------------------------------------------------------
---------------------------------------------------------------------------------
Finished Technology Mapping : Time (s): cpu = 00:00:12 ; elapsed = 00:00:13 . Memory (MB): peak = 1311.195 ; gain = 0.000
---------------------------------------------------------------------------------
---------------------------------------------------------------------------------
Start IO Insertion
---------------------------------------------------------------------------------
---------------------------------------------------------------------------------
Start Flattening Before IO Insertion
---------------------------------------------------------------------------------
---------------------------------------------------------------------------------
Finished Flattening Before IO Insertion
---------------------------------------------------------------------------------
---------------------------------------------------------------------------------
Start Final Netlist Cleanup
---------------------------------------------------------------------------------
---------------------------------------------------------------------------------
Finished Final Netlist Cleanup
---------------------------------------------------------------------------------
---------------------------------------------------------------------------------
Finished IO Insertion : Time (s): cpu = 00:00:16 ; elapsed = 00:00:17 . Memory (MB): peak = 1311.195 ; gain = 0.000
---------------------------------------------------------------------------------
---------------------------------------------------------------------------------
Start Renaming Generated Instances
---------------------------------------------------------------------------------
---------------------------------------------------------------------------------
Finished Renaming Generated Instances : Time (s): cpu = 00:00:16 ; elapsed = 00:00:17 . Memory (MB): peak = 1311.195 ; gain = 0.000
---------------------------------------------------------------------------------
---------------------------------------------------------------------------------
Start Rebuilding User Hierarchy
---------------------------------------------------------------------------------
---------------------------------------------------------------------------------
Finished Rebuilding User Hierarchy : Time (s): cpu = 00:00:16 ; elapsed = 00:00:17 . Memory (MB): peak = 1311.195 ; gain = 0.000
---------------------------------------------------------------------------------
---------------------------------------------------------------------------------
Start Renaming Generated Ports
---------------------------------------------------------------------------------
---------------------------------------------------------------------------------
Finished Renaming Generated Ports : Time (s): cpu = 00:00:16 ; elapsed = 00:00:17 . Memory (MB): peak = 1311.195 ; gain = 0.000
---------------------------------------------------------------------------------
---------------------------------------------------------------------------------
Start Handling Custom Attributes
---------------------------------------------------------------------------------
---------------------------------------------------------------------------------
Finished Handling Custom Attributes : Time (s): cpu = 00:00:16 ; elapsed = 00:00:17 . Memory (MB): peak = 1311.195 ; gain = 0.000
---------------------------------------------------------------------------------
---------------------------------------------------------------------------------
Start Renaming Generated Nets
---------------------------------------------------------------------------------
---------------------------------------------------------------------------------
Finished Renaming Generated Nets : Time (s): cpu = 00:00:16 ; elapsed = 00:00:17 . Memory (MB): peak = 1311.195 ; gain = 0.000
---------------------------------------------------------------------------------
---------------------------------------------------------------------------------
Start Writing Synthesis Report
---------------------------------------------------------------------------------

Report BlackBoxes: 
+-+--------------+----------+
| |BlackBox name |Instances |
+-+--------------+----------+
+-+--------------+----------+

Report Cell Usage: 
+-+-----+------+
| |Cell |Count |
+-+-----+------+
+-+-----+------+

Report Instance Areas: 
+------+---------+-------+------+
|      |Instance |Module |Cells |
+------+---------+-------+------+
|1     |top      |       |     0|
+------+---------+-------+------+
---------------------------------------------------------------------------------
Finished Writing Synthesis Report : Time (s): cpu = 00:00:16 ; elapsed = 00:00:17 . Memory (MB): peak = 1311.195 ; gain = 0.000
---------------------------------------------------------------------------------
Synthesis finished with 0 errors, 0 critical warnings and 479 warnings.
Synthesis Optimization Runtime : Time (s): cpu = 00:00:16 ; elapsed = 00:00:17 . Memory (MB): peak = 1311.195 ; gain = 0.000
Synthesis Optimization Complete : Time (s): cpu = 00:00:16 ; elapsed = 00:00:17 . Memory (MB): peak = 1311.195 ; gain = 0.000
INFO: [Project 1-571] Translating synthesized netlist
Netlist sorting complete. Time (s): cpu = 00:00:00 ; elapsed = 00:00:00 . Memory (MB): peak = 1311.195 ; gain = 0.000
INFO: [Project 1-570] Preparing netlist for logic optimization
INFO: [Opt 31-138] Pushed 0 inverter(s) to 0 load pin(s).
Netlist sorting complete. Time (s): cpu = 00:00:00 ; elapsed = 00:00:00 . Memory (MB): peak = 1311.195 ; gain = 0.000
INFO: [Project 1-111] Unisim Transformation Summary:
No Unisim elements were transformed.

Synth Design complete, checksum: fc1fe213
INFO: [Common 17-83] Releasing license: Synthesis
24 Infos, 204 Warnings, 0 Critical Warnings and 0 Errors encountered.
synth_design completed successfully
synth_design: Time (s): cpu = 00:00:18 ; elapsed = 00:00:19 . Memory (MB): peak = 1311.195 ; gain = 0.000
INFO: [Common 17-1381] The checkpoint 'C:/Users/Evan/Documents/SYSC_4310_ARM_Verilog/arm-lab3.runs/synth_1/ArmProcessor.dcp' has been generated.
INFO: [runtcl-4] Executing : report_utilization -file ArmProcessor_utilization_synth.rpt -pb ArmProcessor_utilization_synth.pb
INFO: [Common 17-206] Exiting Vivado at Sun Dec  4 04:18:53 2022...
